{
  "stats": {
    "suites": 1,
    "tests": 1,
    "passes": 1,
    "pending": 0,
    "failures": 0,
    "start": "2023-09-05T10:56:16.345Z",
    "end": "2023-09-05T10:56:32.627Z",
    "duration": 16282,
    "testsRegistered": 1,
    "passPercent": 100,
    "pendingPercent": 0,
    "other": 0,
    "hasOther": false,
    "skipped": 0,
    "hasSkipped": false
  },
  "results": [
    {
      "uuid": "e8df73ca-61f9-4aa2-abb9-9017f1c17a32",
      "title": "",
      "fullFile": "cypress\\integration\\revision\\Webtable.js",
      "file": "cypress\\integration\\revision\\Webtable.js",
      "beforeHooks": [],
      "afterHooks": [],
      "tests": [],
      "suites": [
        {
          "uuid": "ec0054db-9fab-4c74-a4d4-6ea821a39699",
          "title": "",
          "fullFile": "",
          "file": "",
          "beforeHooks": [],
          "afterHooks": [],
          "tests": [
            {
              "title": "",
              "fullTitle": " ",
              "timedOut": null,
              "duration": 10910,
              "state": "passed",
              "speed": "slow",
              "pass": true,
              "fail": false,
              "pending": false,
              "context": "{\n  \"title\": \"cypress-mochawesome-reporter-videos-passed\",\n  \"value\": \"cypress\\\\integration\\\\revision\\\\Webtable.js\"\n}",
              "code": "cy.visit('https://www.dezlearn.com/webtable-example/');\ncy.get('tr td:nth-child(1)').each(function ($el, index, $list) {\n  var Name = $el.text();\n  if (Name.includes('Mayur Deshmukh')) {\n    cy.get('tr td:nth-child(1)').eq(index).next().then(function (Mail) {\n      var MailID = Mail.text();\n      expect(MailID).to.equal('mayur@dezlearn.com');\n    });\n  }\n});",
              "err": {},
              "uuid": "d9ed1409-b342-4371-bd8d-f283a16237a8",
              "parentUUID": "ec0054db-9fab-4c74-a4d4-6ea821a39699",
              "isHook": false,
              "skipped": false
            }
          ],
          "suites": [],
          "passes": [
            "d9ed1409-b342-4371-bd8d-f283a16237a8"
          ],
          "failures": [],
          "pending": [],
          "skipped": [],
          "duration": 10910,
          "root": false,
          "rootEmpty": false,
          "_timeout": 2000
        }
      ],
      "passes": [],
      "failures": [],
      "pending": [],
      "skipped": [],
      "duration": 0,
      "root": true,
      "rootEmpty": true,
      "_timeout": 2000
    }
  ],
  "meta": {
    "mocha": {
      "version": "7.0.1"
    },
    "mochawesome": {
      "options": {
        "quiet": false,
        "reportFilename": "mochawesome",
        "saveHtml": false,
        "saveJson": true,
        "consoleReporter": "spec",
        "useInlineDiffs": false,
        "code": true
      },
      "version": "7.1.3"
    },
    "marge": {
      "options": {
        "overwrite": false,
        "html": false,
        "json": true,
        "reportDir": "cypress\\reports\\html\\.jsons"
      },
      "version": "6.2.0"
    }
  }
}