{
  "stats": {
    "suites": 1,
    "tests": 2,
    "passes": 2,
    "pending": 0,
    "failures": 0,
    "start": "2023-09-05T13:26:51.384Z",
    "end": "2023-09-05T13:27:09.496Z",
    "duration": 18112,
    "testsRegistered": 2,
    "passPercent": 100,
    "pendingPercent": 0,
    "other": 0,
    "hasOther": false,
    "skipped": 0,
    "hasSkipped": false
  },
  "results": [
    {
      "uuid": "27cbb300-9f2e-4cec-96a7-b07d4d3180ff",
      "title": "",
      "fullFile": "cypress\\integration\\examples\\Framework_2.js",
      "file": "cypress\\integration\\examples\\Framework_2.js",
      "beforeHooks": [],
      "afterHooks": [],
      "tests": [],
      "suites": [
        {
          "uuid": "e894f9f6-9b14-4412-91d4-7836a9419f2c",
          "title": "framework using page object module",
          "fullFile": "",
          "file": "",
          "beforeHooks": [],
          "afterHooks": [],
          "tests": [
            {
              "title": "launch",
              "fullTitle": "framework using page object module launch",
              "timedOut": null,
              "duration": 5049,
              "state": "passed",
              "speed": "medium",
              "pass": true,
              "fail": false,
              "pending": false,
              "context": "{\n  \"title\": \"cypress-mochawesome-reporter-videos-passed\",\n  \"value\": \"cypress\\\\integration\\\\examples\\\\Framework_2.js\"\n}",
              "code": "var homepage = new _Homepage[\"default\"]();\nhomepage.getEditBox().type(userData.name);\nhomepage.GetGender().select(userData.gender);\nhomepage.getTwoWayDataBinding().should('have.value', userData.name);\nhomepage.GetEntrepreneaur().should(\"be.disabled\");\nhomepage.getEditBox().should('have.attr', 'minlength', '2');\nhomepage.GetShop().click();\ncy.selectproduct('Samsung Note 8');",
              "err": {},
              "uuid": "ed978348-a6c7-4a2d-a522-d914f199332b",
              "parentUUID": "e894f9f6-9b14-4412-91d4-7836a9419f2c",
              "isHook": false,
              "skipped": false
            },
            {
              "title": "multipal product select by using javascript forEach commond",
              "fullTitle": "framework using page object module multipal product select by using javascript forEach commond",
              "timedOut": null,
              "duration": 8934,
              "state": "passed",
              "speed": "medium",
              "pass": true,
              "fail": false,
              "pending": false,
              "context": "{\n  \"title\": \"cypress-mochawesome-reporter-videos-passed\",\n  \"value\": \"cypress\\\\integration\\\\examples\\\\Framework_2.js\"\n}",
              "code": "var homepage = new _Homepage[\"default\"]();\nvar product = new _Productpage[\"default\"]();\nhomepage.GetShop().click();\nuserData.ProductName.forEach(function (element) {\n  cy.selectproduct(element);\n});\nproduct.clickOnCheckout().click();\nvar sum = 0;\nproduct.getprice().each(function ($el, index, $list) {\n  var ammount = $el.text();\n  cy.log(ammount);\n  var FinalAmmount = ammount.split(\" \");\n  FinalAmmount = FinalAmmount[1].trim();\n  cy.log(FinalAmmount);\n  sum = Number(sum) + Number(FinalAmmount);\n}).then(function () {\n  cy.log(sum);\n});\nproduct.getTotalPrice().then(function (element) {\n  var total = element.text();\n  total = total.split(\" \");\n  total = total[1].trim();\n  expect(Number(total)).to.equal(sum);\n});\nproduct.clickOnCheckout().click();\nproduct.FillCountry().type(userData.country);\ncy.wait(3000);\nproduct.getindia().click();\nproduct.getcheckbox().click({\n  force: true\n});\n//product.getcheckbox().shadow().find\nproduct.clicksubmit().click();\nproduct.getalert().contains('Success! Thank you! Your order will be delivered in next few weeks');",
              "err": {},
              "uuid": "73bce6f4-ebc6-4aa3-994a-52a0036df163",
              "parentUUID": "e894f9f6-9b14-4412-91d4-7836a9419f2c",
              "isHook": false,
              "skipped": false
            }
          ],
          "suites": [],
          "passes": [
            "ed978348-a6c7-4a2d-a522-d914f199332b",
            "73bce6f4-ebc6-4aa3-994a-52a0036df163"
          ],
          "failures": [],
          "pending": [],
          "skipped": [],
          "duration": 13983,
          "root": false,
          "rootEmpty": false,
          "_timeout": 2000
        }
      ],
      "passes": [],
      "failures": [],
      "pending": [],
      "skipped": [],
      "duration": 0,
      "root": true,
      "rootEmpty": true,
      "_timeout": 2000
    }
  ],
  "meta": {
    "mocha": {
      "version": "7.0.1"
    },
    "mochawesome": {
      "options": {
        "quiet": false,
        "reportFilename": "mochawesome",
        "saveHtml": false,
        "saveJson": true,
        "consoleReporter": "spec",
        "useInlineDiffs": false,
        "code": true
      },
      "version": "7.1.3"
    },
    "marge": {
      "options": {
        "overwrite": false,
        "html": false,
        "json": true,
        "reportDir": "cypress\\reports\\html\\.jsons"
      },
      "version": "6.2.0"
    }
  }
}