{
  "stats": {
    "suites": 1,
    "tests": 1,
    "passes": 1,
    "pending": 0,
    "failures": 0,
    "start": "2023-09-05T10:46:47.762Z",
    "end": "2023-09-05T10:47:35.613Z",
    "duration": 47851,
    "testsRegistered": 1,
    "passPercent": 100,
    "pendingPercent": 0,
    "other": 0,
    "hasOther": false,
    "skipped": 0,
    "hasSkipped": false
  },
  "results": [
    {
      "uuid": "4ba521ca-7b34-4c69-8b2d-f16124629fc2",
      "title": "",
      "fullFile": "cypress\\integration\\revision\\Test3_Copy.js",
      "file": "cypress\\integration\\revision\\Test3_Copy.js",
      "beforeHooks": [],
      "afterHooks": [],
      "tests": [],
      "suites": [
        {
          "uuid": "d939978c-abd8-4d79-a108-6e136a601354",
          "title": "checkbox prctice",
          "fullFile": "",
          "file": "",
          "beforeHooks": [],
          "afterHooks": [],
          "tests": [
            {
              "title": "select checkbox",
              "fullTitle": "checkbox prctice select checkbox",
              "timedOut": null,
              "duration": 44375,
              "state": "passed",
              "speed": "slow",
              "pass": true,
              "fail": false,
              "pending": false,
              "context": "{\n  \"title\": \"cypress-mochawesome-reporter-videos-passed\",\n  \"value\": \"cypress\\\\integration\\\\revision\\\\Test3_Copy.js\"\n}",
              "code": "cy.visit('https://rahulshettyacademy.com/AutomationPractice/');\ncy.get('#checkBoxOption1').check().should('be.checked').and('have.value', 'option1');\ncy.wait(2000);\ncy.get('#checkBoxOption1').uncheck().should('not.be.checked');\n// cy.get('input[type=\"checkbox\"]').check(['option2','option3']).should('be.checked').and('have.value','option2','option3')\ncy.get('input[type=\"checkbox\"]').check(['option2', 'option3']).should('be.checked').and('have.value', 'option2', 'option3');",
              "err": {},
              "uuid": "e43dac26-ad6f-4d18-bd68-2c85f5ca58f7",
              "parentUUID": "d939978c-abd8-4d79-a108-6e136a601354",
              "isHook": false,
              "skipped": false
            }
          ],
          "suites": [],
          "passes": [
            "e43dac26-ad6f-4d18-bd68-2c85f5ca58f7"
          ],
          "failures": [],
          "pending": [],
          "skipped": [],
          "duration": 44375,
          "root": false,
          "rootEmpty": false,
          "_timeout": 2000
        }
      ],
      "passes": [],
      "failures": [],
      "pending": [],
      "skipped": [],
      "duration": 0,
      "root": true,
      "rootEmpty": true,
      "_timeout": 2000
    }
  ],
  "meta": {
    "mocha": {
      "version": "7.0.1"
    },
    "mochawesome": {
      "options": {
        "quiet": false,
        "reportFilename": "mochawesome",
        "saveHtml": false,
        "saveJson": true,
        "consoleReporter": "spec",
        "useInlineDiffs": false,
        "code": true
      },
      "version": "7.1.3"
    },
    "marge": {
      "options": {
        "overwrite": false,
        "html": false,
        "json": true,
        "reportDir": "cypress\\reports\\html\\.jsons"
      },
      "version": "6.2.0"
    }
  }
}