{
  "stats": {
    "suites": 1,
    "tests": 1,
    "passes": 1,
    "pending": 0,
    "failures": 0,
    "start": "2023-09-05T10:52:27.192Z",
    "end": "2023-09-05T10:52:44.187Z",
    "duration": 16995,
    "testsRegistered": 1,
    "passPercent": 100,
    "pendingPercent": 0,
    "other": 0,
    "hasOther": false,
    "skipped": 0,
    "hasSkipped": false
  },
  "results": [
    {
      "uuid": "946ec793-65f4-4a0d-93d3-a1ea034bf179",
      "title": "",
      "fullFile": "cypress\\integration\\revision\\Test7_Copy.js",
      "file": "cypress\\integration\\revision\\Test7_Copy.js",
      "beforeHooks": [],
      "afterHooks": [],
      "tests": [],
      "suites": [
        {
          "uuid": "f3a8f425-604b-485a-8c52-27bff11e2b87",
          "title": "Alert",
          "fullFile": "",
          "file": "",
          "beforeHooks": [],
          "afterHooks": [],
          "tests": [
            {
              "title": "alert test",
              "fullTitle": "Alert alert test",
              "timedOut": null,
              "duration": 11958,
              "state": "passed",
              "speed": "slow",
              "pass": true,
              "fail": false,
              "pending": false,
              "context": "{\n  \"title\": \"cypress-mochawesome-reporter-videos-passed\",\n  \"value\": \"cypress\\\\integration\\\\revision\\\\Test7_Copy.js\"\n}",
              "code": "cy.visit('https://rahulshettyacademy.com/AutomationPractice/');\ncy.get('#alertbtn').click(); //alrt handle\ncy.on('window:alert', function (str) {\n  expect(str).to.equal(\"Hello , share this practice page and share your knowledge\");\n});\ncy.get('#confirmbtn').click();\ncy.on('window:conform', function (str) {\n  expect(str).to.equal(\"Hello , Are you sure you want to confirm?\");\n});",
              "err": {},
              "uuid": "c015d7dc-23c6-46f4-85b0-964c65e88ef4",
              "parentUUID": "f3a8f425-604b-485a-8c52-27bff11e2b87",
              "isHook": false,
              "skipped": false
            }
          ],
          "suites": [],
          "passes": [
            "c015d7dc-23c6-46f4-85b0-964c65e88ef4"
          ],
          "failures": [],
          "pending": [],
          "skipped": [],
          "duration": 11958,
          "root": false,
          "rootEmpty": false,
          "_timeout": 2000
        }
      ],
      "passes": [],
      "failures": [],
      "pending": [],
      "skipped": [],
      "duration": 0,
      "root": true,
      "rootEmpty": true,
      "_timeout": 2000
    }
  ],
  "meta": {
    "mocha": {
      "version": "7.0.1"
    },
    "mochawesome": {
      "options": {
        "quiet": false,
        "reportFilename": "mochawesome",
        "saveHtml": false,
        "saveJson": true,
        "consoleReporter": "spec",
        "useInlineDiffs": false,
        "code": true
      },
      "version": "7.1.3"
    },
    "marge": {
      "options": {
        "overwrite": false,
        "html": false,
        "json": true,
        "reportDir": "cypress\\reports\\html\\.jsons"
      },
      "version": "6.2.0"
    }
  }
}