{
  "stats": {
    "suites": 1,
    "tests": 1,
    "passes": 0,
    "pending": 0,
    "failures": 1,
    "start": "2023-09-05T10:52:57.339Z",
    "end": "2023-09-05T10:54:10.824Z",
    "duration": 73485,
    "testsRegistered": 1,
    "passPercent": 0,
    "pendingPercent": 0,
    "other": 0,
    "hasOther": false,
    "skipped": 0,
    "hasSkipped": false
  },
  "results": [
    {
      "uuid": "76fb5445-c42e-4435-84db-bc75fc8b223b",
      "title": "",
      "fullFile": "cypress\\integration\\revision\\Test8_Child_browser.js",
      "file": "cypress\\integration\\revision\\Test8_Child_browser.js",
      "beforeHooks": [],
      "afterHooks": [],
      "tests": [],
      "suites": [
        {
          "uuid": "898be955-9944-4522-970a-11dec059791e",
          "title": "child browser",
          "fullFile": "",
          "file": "",
          "beforeHooks": [],
          "afterHooks": [],
          "tests": [
            {
              "title": "childBrowser",
              "fullTitle": "child browser childBrowser",
              "timedOut": null,
              "duration": 19562,
              "state": "failed",
              "speed": null,
              "pass": false,
              "fail": true,
              "pending": false,
              "context": "[\n  {\n    \"title\": \"cypress-mochawesome-reporter-videos-failed\",\n    \"value\": \"cypress\\\\integration\\\\revision\\\\Test8_Child_browser.js\"\n  },\n  {\n    \"title\": \"cypress-mochawesome-reporter-screenshots\",\n    \"value\": [\n      [\n        \"\\\\Test8_Child_browser.js\\\\child browser -- childBrowser (failed).png\"\n      ],\n      [\n        \"\\\\Test8_Child_browser.js\\\\child browser -- childBrowser (failed) (attempt 2).png\"\n      ],\n      [\n        \"\\\\Test8_Child_browser.js\\\\child browser -- childBrowser (failed) (attempt 3).png\"\n      ]\n    ]\n  }\n]",
              "code": "cy.visit('https://rahulshettyacademy.com/AutomationPractice/');\ncy.get('#opentab').invoke('removeAttr', 'target').click();\ncy.wait(7000);\ncy.url().should('include', 'rahulshetty');\ncy.wait(3000);\ncy.go('back');",
              "err": {
                "message": "AssertionError: Timed out retrying after 4000ms: expected '' to include 'rahulshetty'",
                "estack": "AssertionError: Timed out retrying after 4000ms: expected '' to include 'rahulshetty'\n    at Context.eval (cypress/integration/revision/Test8_Child_browser.js:10:16)",
                "diff": null
              },
              "uuid": "b980752d-3e67-4476-a833-068f6ed004f5",
              "parentUUID": "898be955-9944-4522-970a-11dec059791e",
              "isHook": false,
              "skipped": false
            }
          ],
          "suites": [],
          "passes": [],
          "failures": [
            "b980752d-3e67-4476-a833-068f6ed004f5"
          ],
          "pending": [],
          "skipped": [],
          "duration": 19562,
          "root": false,
          "rootEmpty": false,
          "_timeout": 2000
        }
      ],
      "passes": [],
      "failures": [],
      "pending": [],
      "skipped": [],
      "duration": 0,
      "root": true,
      "rootEmpty": true,
      "_timeout": 2000
    }
  ],
  "meta": {
    "mocha": {
      "version": "7.0.1"
    },
    "mochawesome": {
      "options": {
        "quiet": false,
        "reportFilename": "mochawesome",
        "saveHtml": false,
        "saveJson": true,
        "consoleReporter": "spec",
        "useInlineDiffs": false,
        "code": true
      },
      "version": "7.1.3"
    },
    "marge": {
      "options": {
        "overwrite": false,
        "html": false,
        "json": true,
        "reportDir": "cypress\\reports\\html\\.jsons"
      },
      "version": "6.2.0"
    }
  }
}