{
  "stats": {
    "suites": 1,
    "tests": 1,
    "passes": 0,
    "pending": 0,
    "failures": 1,
    "start": "2023-09-05T10:48:36.838Z",
    "end": "2023-09-05T10:49:53.741Z",
    "duration": 76903,
    "testsRegistered": 1,
    "passPercent": 0,
    "pendingPercent": 0,
    "other": 0,
    "hasOther": false,
    "skipped": 0,
    "hasSkipped": false
  },
  "results": [
    {
      "uuid": "4036415e-c705-45f9-af4b-0bbbde70fcd5",
      "title": "",
      "fullFile": "cypress\\integration\\revision\\Test8_Child_browser.js",
      "file": "cypress\\integration\\revision\\Test8_Child_browser.js",
      "beforeHooks": [],
      "afterHooks": [],
      "tests": [],
      "suites": [
        {
          "uuid": "d22c2d83-c9c3-4457-9921-b6ddfbcd738c",
          "title": "child browser",
          "fullFile": "",
          "file": "",
          "beforeHooks": [],
          "afterHooks": [],
          "tests": [
            {
              "title": "childBrowser",
              "fullTitle": "child browser childBrowser",
              "timedOut": null,
              "duration": 22216,
              "state": "failed",
              "speed": null,
              "pass": false,
              "fail": true,
              "pending": false,
              "context": "[\n  {\n    \"title\": \"cypress-mochawesome-reporter-videos-failed\",\n    \"value\": \"cypress\\\\integration\\\\revision\\\\Test8_Child_browser.js\"\n  },\n  {\n    \"title\": \"cypress-mochawesome-reporter-screenshots\",\n    \"value\": [\n      [\n        \"\\\\Test8_Child_browser.js\\\\child browser -- childBrowser (failed).png\"\n      ],\n      [\n        \"\\\\Test8_Child_browser.js\\\\child browser -- childBrowser (failed) (attempt 2).png\"\n      ],\n      [\n        \"\\\\Test8_Child_browser.js\\\\child browser -- childBrowser (failed) (attempt 3).png\"\n      ]\n    ]\n  }\n]",
              "code": "cy.visit('https://rahulshettyacademy.com/AutomationPractice/');\ncy.get('#opentab').invoke('removeAttr', 'target').click();\ncy.wait(7000);\ncy.url().should('include', 'rahulshetty');\ncy.wait(3000);\ncy.go('back');",
              "err": {
                "message": "AssertionError: Timed out retrying after 4000ms: expected '' to include 'rahulshetty'",
                "estack": "AssertionError: Timed out retrying after 4000ms: expected '' to include 'rahulshetty'\n    at Context.eval (cypress/integration/revision/Test8_Child_browser.js:10:16)",
                "diff": null
              },
              "uuid": "abb27c53-42c9-449f-9471-8a16bdfb9bc0",
              "parentUUID": "d22c2d83-c9c3-4457-9921-b6ddfbcd738c",
              "isHook": false,
              "skipped": false
            }
          ],
          "suites": [],
          "passes": [],
          "failures": [
            "abb27c53-42c9-449f-9471-8a16bdfb9bc0"
          ],
          "pending": [],
          "skipped": [],
          "duration": 22216,
          "root": false,
          "rootEmpty": false,
          "_timeout": 2000
        }
      ],
      "passes": [],
      "failures": [],
      "pending": [],
      "skipped": [],
      "duration": 0,
      "root": true,
      "rootEmpty": true,
      "_timeout": 2000
    }
  ],
  "meta": {
    "mocha": {
      "version": "7.0.1"
    },
    "mochawesome": {
      "options": {
        "quiet": false,
        "reportFilename": "mochawesome",
        "saveHtml": false,
        "saveJson": true,
        "consoleReporter": "spec",
        "useInlineDiffs": false,
        "code": true
      },
      "version": "7.1.3"
    },
    "marge": {
      "options": {
        "overwrite": false,
        "html": false,
        "json": true,
        "reportDir": "cypress\\reports\\html\\.jsons"
      },
      "version": "6.2.0"
    }
  }
}